Active-HDL 15.0.261.9132 2024-11-12 22:08:55

Elaboration top modules:
Architecture                  zad03(zad03)


-------------------------------------------------------------------------------------------
Entity   | Architecture | Library | Info | Compiler Version          | Compilation Options
-------------------------------------------------------------------------------------------
zad03    | zad03        | lab5    |      | 15.0.261.9132 (Windows64) | -O3
zad01    | zad01        | lab5    |      | 15.0.261.9132 (Windows64) | -O3
-------------------------------------------------------------------------------------------

-------------------------------------------------------------------------------------------
VHDL Package            | Library | Info | Compiler Version          | Compilation Options
-------------------------------------------------------------------------------------------
standard                | std     |      |                           | <unavailable>
TEXTIO                  | std     |      | 15.0.261.9132 (Windows64) |  -2019
std_logic_1164          | ieee    |      | 15.0.261.9132 (Windows64) |  -2008
std_logic_arith         | ieee    |      | 15.0.261.9132 (Windows64) | <unavailable>
STD_LOGIC_SIGNED        | ieee    |      | 15.0.261.9132 (Windows64) | <unavailable>
STD_LOGIC_UNSIGNED      | ieee    |      | 15.0.261.9132 (Windows64) | <unavailable>
-------------------------------------------------------------------------------------------

-------------------------------------------------------------------------------------------
Library                 | Comment
-------------------------------------------------------------------------------------------
ieee                    | Standard IEEE packages library
lab5                    | None
std                     | Standard VHDL library
-------------------------------------------------------------------------------------------
