# ELBREAD: Elaboration process.
# ELBREAD: Elaboration time 0.1 [s].
# Warning: Could not write to "C:/Users/Hubert Jarosz/Documents/GitHub/UniwersytetZielonogorski/UkladyCyfrowe/Lab_08/lab_08/lab_08/bde.set" file.
# Warning: Could not write to "C:/Users/Hubert Jarosz/Documents/GitHub/UniwersytetZielonogorski/UkladyCyfrowe/Lab_08/lab_08/lab_08/bde.set" file.
# Warning: Could not write to "C:/Users/Hubert Jarosz/Documents/GitHub/UniwersytetZielonogorski/UkladyCyfrowe/Lab_08/lab_08/lab_08/bde.set" file.
# Warning: Could not write to "C:/Users/Hubert Jarosz/Documents/GitHub/UniwersytetZielonogorski/UkladyCyfrowe/Lab_08/lab_08/lab_08/bde.set" file.
# Warning: Could not write to "C:/Users/Hubert Jarosz/Documents/GitHub/UniwersytetZielonogorski/UkladyCyfrowe/Lab_08/lab_08/lab_08/bde.set" file.
# Warning: Could not write to "C:/Users/Hubert Jarosz/Documents/GitHub/UniwersytetZielonogorski/UkladyCyfrowe/Lab_08/lab_08/lab_08/bde.set" file.
# Warning: Could not write to "C:/Users/Hubert Jarosz/Documents/GitHub/UniwersytetZielonogorski/UkladyCyfrowe/Lab_08/lab_08/lab_08/bde.set" file.
# Warning: Could not write to "C:/Users/Hubert Jarosz/Documents/GitHub/UniwersytetZielonogorski/UkladyCyfrowe/Lab_08/lab_08/lab_08/bde.set" file.
# Warning: Could not write to "C:/Users/Hubert Jarosz/Documents/GitHub/UniwersytetZielonogorski/UkladyCyfrowe/Lab_08/lab_08/lab_08/bde.set" file.
# Warning: Could not write to "C:/Users/Hubert Jarosz/Documents/GitHub/UniwersytetZielonogorski/UkladyCyfrowe/Lab_08/lab_08/lab_08/bde.set" file.
# Warning: Could not write to "C:/Users/Hubert Jarosz/Documents/GitHub/UniwersytetZielonogorski/UkladyCyfrowe/Lab_08/lab_08/lab_08/bde.set" file.
# Warning: Could not write to "C:/Users/Hubert Jarosz/Documents/GitHub/UniwersytetZielonogorski/UkladyCyfrowe/Lab_08/lab_08/lab_08/bde.set" file.
# Warning: Could not write to "C:/Users/Hubert Jarosz/Documents/GitHub/UniwersytetZielonogorski/UkladyCyfrowe/Lab_08/lab_08/lab_08/bde.set" file.
# Warning: Could not write to "C:/Users/Hubert Jarosz/Documents/GitHub/UniwersytetZielonogorski/UkladyCyfrowe/Lab_08/lab_08/lab_08/bde.set" file.
# Warning: Could not write to "C:/Users/Hubert Jarosz/Documents/GitHub/UniwersytetZielonogorski/UkladyCyfrowe/Lab_08/lab_08/lab_08/bde.set" file.
# Warning: Could not write to "C:/Users/Hubert Jarosz/Documents/GitHub/UniwersytetZielonogorski/UkladyCyfrowe/Lab_08/lab_08/lab_08/bde.set" file.
# Warning: Could not write to "C:/Users/Hubert Jarosz/Documents/GitHub/UniwersytetZielonogorski/UkladyCyfrowe/Lab_08/lab_08/lab_08/bde.set" file.
# Warning: Could not write to "C:/Users/Hubert Jarosz/Documents/GitHub/UniwersytetZielonogorski/UkladyCyfrowe/Lab_08/lab_08/lab_08/bde.set" file.
# Warning: Could not write to "C:/Users/Hubert Jarosz/Documents/GitHub/UniwersytetZielonogorski/UkladyCyfrowe/Lab_08/lab_08/lab_08/bde.set" file.
# Warning: Could not write to "C:/Users/Hubert Jarosz/Documents/GitHub/UniwersytetZielonogorski/UkladyCyfrowe/Lab_08/lab_08/lab_08/bde.set" file.
# Warning: Could not write to "C:/Users/Hubert Jarosz/Documents/GitHub/UniwersytetZielonogorski/UkladyCyfrowe/Lab_08/lab_08/lab_08/bde.set" file.
# Warning: Could not write to "C:/Users/Hubert Jarosz/Documents/GitHub/UniwersytetZielonogorski/UkladyCyfrowe/Lab_08/lab_08/lab_08/bde.set" file.
# Warning: Could not write to "C:/Users/Hubert Jarosz/Documents/GitHub/UniwersytetZielonogorski/UkladyCyfrowe/Lab_08/lab_08/lab_08/bde.set" file.
# Warning: Could not write to "C:/Users/Hubert Jarosz/Documents/GitHub/UniwersytetZielonogorski/UkladyCyfrowe/Lab_08/lab_08/lab_08/bde.set" file.
# Warning: Could not write to "C:/Users/Hubert Jarosz/Documents/GitHub/UniwersytetZielonogorski/UkladyCyfrowe/Lab_08/lab_08/lab_08/bde.set" file.
# Warning: Could not write to "C:/Users/Hubert Jarosz/Documents/GitHub/UniwersytetZielonogorski/UkladyCyfrowe/Lab_08/lab_08/lab_08/bde.set" file.
# Warning: Could not write to "C:/Users/Hubert Jarosz/Documents/GitHub/UniwersytetZielonogorski/UkladyCyfrowe/Lab_08/lab_08/lab_08/bde.set" file.
# Warning: Could not write to "C:/Users/Hubert Jarosz/Documents/GitHub/UniwersytetZielonogorski/UkladyCyfrowe/Lab_08/lab_08/lab_08/bde.set" file.
# Warning: Could not write to "C:/Users/Hubert Jarosz/Documents/GitHub/UniwersytetZielonogorski/UkladyCyfrowe/Lab_08/lab_08/lab_08/bde.set" file.
# Warning: Could not write to "C:/Users/Hubert Jarosz/Documents/GitHub/UniwersytetZielonogorski/UkladyCyfrowe/Lab_08/lab_08/lab_08/bde.set" file.
# Warning: Could not write to "C:/Users/Hubert Jarosz/Documents/GitHub/UniwersytetZielonogorski/UkladyCyfrowe/Lab_08/lab_08/lab_08/bde.set" file.
# Warning: Could not write to "C:/Users/Hubert Jarosz/Documents/GitHub/UniwersytetZielonogorski/UkladyCyfrowe/Lab_08/lab_08/lab_08/bde.set" file.
# Warning: Could not write to "C:/Users/Hubert Jarosz/Documents/GitHub/UniwersytetZielonogorski/UkladyCyfrowe/Lab_08/lab_08/lab_08/bde.set" file.
# Warning: Could not write to "C:/Users/Hubert Jarosz/Documents/GitHub/UniwersytetZielonogorski/UkladyCyfrowe/Lab_08/lab_08/lab_08/bde.set" file.
# Warning: Could not write to "C:/Users/Hubert Jarosz/Documents/GitHub/UniwersytetZielonogorski/UkladyCyfrowe/Lab_08/lab_08/lab_08/bde.set" file.
# Warning: Could not write to "C:/Users/Hubert Jarosz/Documents/GitHub/UniwersytetZielonogorski/UkladyCyfrowe/Lab_08/lab_08/lab_08/bde.set" file.
# Warning: Could not write to "C:/Users/Hubert Jarosz/Documents/GitHub/UniwersytetZielonogorski/UkladyCyfrowe/Lab_08/lab_08/lab_08/bde.set" file.
# Warning: Could not write to "C:/Users/Hubert Jarosz/Documents/GitHub/UniwersytetZielonogorski/UkladyCyfrowe/Lab_08/lab_08/lab_08/bde.set" file.
# Warning: Could not write to "C:/Users/Hubert Jarosz/Documents/GitHub/UniwersytetZielonogorski/UkladyCyfrowe/Lab_08/lab_08/lab_08/bde.set" file.
# Warning: Could not write to "C:/Users/Hubert Jarosz/Documents/GitHub/UniwersytetZielonogorski/UkladyCyfrowe/Lab_08/lab_08/lab_08/bde.set" file.
# Warning: Could not write to "C:/Users/Hubert Jarosz/Documents/GitHub/UniwersytetZielonogorski/UkladyCyfrowe/Lab_08/lab_08/lab_08/bde.set" file.
# Warning: Could not write to "C:/Users/Hubert Jarosz/Documents/GitHub/UniwersytetZielonogorski/UkladyCyfrowe/Lab_08/lab_08/lab_08/bde.set" file.
# Warning: Could not write to "C:/Users/Hubert Jarosz/Documents/GitHub/UniwersytetZielonogorski/UkladyCyfrowe/Lab_08/lab_08/lab_08/bde.set" file.
# Warning: Could not write to "C:/Users/Hubert Jarosz/Documents/GitHub/UniwersytetZielonogorski/UkladyCyfrowe/Lab_08/lab_08/lab_08/bde.set" file.
# Warning: Could not write to "C:/Users/Hubert Jarosz/Documents/GitHub/UniwersytetZielonogorski/UkladyCyfrowe/Lab_08/lab_08/lab_08/bde.set" file.
# Warning: Could not write to "C:/Users/Hubert Jarosz/Documents/GitHub/UniwersytetZielonogorski/UkladyCyfrowe/Lab_08/lab_08/lab_08/bde.set" file.
# Warning: Could not write to "C:/Users/Hubert Jarosz/Documents/GitHub/UniwersytetZielonogorski/UkladyCyfrowe/Lab_08/lab_08/lab_08/bde.set" file.
# Warning: Could not write to "C:/Users/Hubert Jarosz/Documents/GitHub/UniwersytetZielonogorski/UkladyCyfrowe/Lab_08/lab_08/lab_08/bde.set" file.
# Warning: Could not write to "C:/Users/Hubert Jarosz/Documents/GitHub/UniwersytetZielonogorski/UkladyCyfrowe/Lab_08/lab_08/lab_08/bde.set" file.
# Warning: Could not write to "C:/Users/Hubert Jarosz/Documents/GitHub/UniwersytetZielonogorski/UkladyCyfrowe/Lab_08/lab_08/lab_08/bde.set" file.
# Warning: Could not write to "C:/Users/Hubert Jarosz/Documents/GitHub/UniwersytetZielonogorski/UkladyCyfrowe/Lab_08/lab_08/lab_08/bde.set" file.
# Warning: Could not write to "C:/Users/Hubert Jarosz/Documents/GitHub/UniwersytetZielonogorski/UkladyCyfrowe/Lab_08/lab_08/lab_08/bde.set" file.
# Warning: Could not write to "C:/Users/Hubert Jarosz/Documents/GitHub/UniwersytetZielonogorski/UkladyCyfrowe/Lab_08/lab_08/lab_08/bde.set" file.
# Warning: Could not write to "C:/Users/Hubert Jarosz/Documents/GitHub/UniwersytetZielonogorski/UkladyCyfrowe/Lab_08/lab_08/lab_08/bde.set" file.
# Warning: Could not write to "C:/Users/Hubert Jarosz/Documents/GitHub/UniwersytetZielonogorski/UkladyCyfrowe/Lab_08/lab_08/lab_08/bde.set" file.
# Warning: Could not write to "C:/Users/Hubert Jarosz/Documents/GitHub/UniwersytetZielonogorski/UkladyCyfrowe/Lab_08/lab_08/lab_08/bde.set" file.
# Warning: Could not write to "C:/Users/Hubert Jarosz/Documents/GitHub/UniwersytetZielonogorski/UkladyCyfrowe/Lab_08/lab_08/lab_08/bde.set" file.
# Warning: Could not write to "C:/Users/Hubert Jarosz/Documents/GitHub/UniwersytetZielonogorski/UkladyCyfrowe/Lab_08/lab_08/lab_08/bde.set" file.
# Warning: Could not write to "C:/Users/Hubert Jarosz/Documents/GitHub/UniwersytetZielonogorski/UkladyCyfrowe/Lab_08/lab_08/lab_08/bde.set" file.
# Warning: Could not write to "C:/Users/Hubert Jarosz/Documents/GitHub/UniwersytetZielonogorski/UkladyCyfrowe/Lab_08/lab_08/lab_08/bde.set" file.
# Warning: Could not write to "C:/Users/Hubert Jarosz/Documents/GitHub/UniwersytetZielonogorski/UkladyCyfrowe/Lab_08/lab_08/lab_08/bde.set" file.
# Warning: Could not write to "C:/Users/Hubert Jarosz/Documents/GitHub/UniwersytetZielonogorski/UkladyCyfrowe/Lab_08/lab_08/lab_08/bde.set" file.
# Warning: Could not write to "C:/Users/Hubert Jarosz/Documents/GitHub/UniwersytetZielonogorski/UkladyCyfrowe/Lab_08/lab_08/lab_08/bde.set" file.
# Warning: Could not write to "C:/Users/Hubert Jarosz/Documents/GitHub/UniwersytetZielonogorski/UkladyCyfrowe/Lab_08/lab_08/lab_08/bde.set" file.
# Warning: Could not write to "C:/Users/Hubert Jarosz/Documents/GitHub/UniwersytetZielonogorski/UkladyCyfrowe/Lab_08/lab_08/lab_08/bde.set" file.
# Warning: Could not write to "C:/Users/Hubert Jarosz/Documents/GitHub/UniwersytetZielonogorski/UkladyCyfrowe/Lab_08/lab_08/lab_08/bde.set" file.
acom -O3 -e 100 -work lab_08 -2002  $dsn/src/zad_3/zad_3.bde
# DRC: Checking file "C:/Users/Hubert Jarosz/Documents/GitHub/UniwersytetZielonogorski/UkladyCyfrowe/Lab_08/lab_08/lab_08/src/zad_3/zad_3.bde".
# DRC: zad_3.bde - 0 error(s), 0 warning(s)
# DRC: DRC process completed in 65 millisecond(s).
# DRC: The results have been written to the log file. Double click on this line to view the log.
# Generating C:/Users/Hubert Jarosz/Documents/GitHub/UniwersytetZielonogorski/UkladyCyfrowe/Lab_08/lab_08/lab_08/compile/zad_3.vhd from C:/Users/Hubert Jarosz/Documents/GitHub/UniwersytetZielonogorski/UkladyCyfrowe/Lab_08/lab_08/lab_08/src/zad_3/zad_3.bde...
# Generation successful
# Compile Entity "zad_3"
# Compile Architecture "zad_3" of Entity "zad_3"
# Compile success 0 Errors 0 Warnings  Analysis time :  0.1 [s]
# Warning: Could not write to "C:/Users/Hubert Jarosz/Documents/GitHub/UniwersytetZielonogorski/UkladyCyfrowe/Lab_08/lab_08/lab_08/bde.set" file.
# ELBREAD: Elaboration process.
# ELBREAD: Elaboration time 0.0 [s].
# Warning: Could not write to "C:/Users/Hubert Jarosz/Documents/GitHub/UniwersytetZielonogorski/UkladyCyfrowe/Lab_08/lab_08/lab_08/bde.set" file.
# ELBREAD: Elaboration process.
# ELBREAD: Elaboration time 0.0 [s].
asim -O5 +access +r +m+zad_3 zad_3 zad_3
# ELBREAD: Elaboration process.
# ELBREAD: Elaboration time 0.0 [s].
# VSIM: Stack memory: 32MB
# VSIM: Retval memory: 32MB
# 
# KERNEL: Main thread initiated.
# KERNEL: Kernel process initialization phase.
# ELAB2: Elaboration final pass...
# ELAB2: Create instances ...
# KERNEL: Time resolution set to 1ps.
# ELAB2: Create instances complete.
# SLP: Started
# SLP: Elaboration phase ...
# SLP: Elaboration phase ... skipped, nothing to simulate in SLP mode : 0.0 [s]
# SLP: Finished : 0.0 [s]
# ELAB2: Elaboration final pass complete - time: 0.2 [s].
# KERNEL: Warning: You are using the Active-HDL Student Edition. The performance of simulation is running at a reduced rate.
# KERNEL: Warning: Contact Aldec for available upgrade options - sales@aldec.com.
# KERNEL: Kernel process initialization done.
# Allocation: Simulator allocated 6421 kB (elbread=427 elab2=5854 kernel=138 sdf=0)
# KERNEL: ASDB file was created in location C:\Users\Hubert Jarosz\Documents\GitHub\UniwersytetZielonogorski\UkladyCyfrowe\Lab_08\lab_08\lab_08\src\wave.asdb
# Stimuli: Warning: The stimuli set "StimuliSet2" has been made inactive.
# Warning: Could not write to "C:/Users/Hubert Jarosz/Documents/GitHub/UniwersytetZielonogorski/UkladyCyfrowe/Lab_08/lab_08/lab_08/bde.set" file.
#  09:45, pi¹tek, 29 listopada 2024
#  Simulation has been initialized
# VSIM: 5 object(s) traced.
# Waveform file 'untitled.awc' connected to 'C:/Users/Hubert Jarosz/Documents/GitHub/UniwersytetZielonogorski/UkladyCyfrowe/Lab_08/lab_08/lab_08/src/wave.asdb'.
# Warning: Could not write to "C:/Users/Hubert Jarosz/Documents/GitHub/UniwersytetZielonogorski/UkladyCyfrowe/Lab_08/lab_08/lab_08/bde.set" file.
# Warning: Could not write to "C:/Users/Hubert Jarosz/Documents/GitHub/UniwersytetZielonogorski/UkladyCyfrowe/Lab_08/lab_08/lab_08/bde.set" file.
# Warning: Could not write to "C:/Users/Hubert Jarosz/Documents/GitHub/UniwersytetZielonogorski/UkladyCyfrowe/Lab_08/lab_08/lab_08/bde.set" file.
# Warning: Could not write to "C:/Users/Hubert Jarosz/Documents/GitHub/UniwersytetZielonogorski/UkladyCyfrowe/Lab_08/lab_08/lab_08/bde.set" file.
# Warning: Could not write to "C:/Users/Hubert Jarosz/Documents/GitHub/UniwersytetZielonogorski/UkladyCyfrowe/Lab_08/lab_08/lab_08/bde.set" file.
run @100ns
# KERNEL: stopped at time: 100 ns
# Warning: Could not write to "C:/Users/Hubert Jarosz/Documents/GitHub/UniwersytetZielonogorski/UkladyCyfrowe/Lab_08/lab_08/lab_08/bde.set" file.
# Warning: Could not write to "C:/Users/Hubert Jarosz/Documents/GitHub/UniwersytetZielonogorski/UkladyCyfrowe/Lab_08/lab_08/lab_08/bde.set" file.
# Warning: Could not write to "C:/Users/Hubert Jarosz/Documents/GitHub/UniwersytetZielonogorski/UkladyCyfrowe/Lab_08/lab_08/lab_08/bde.set" file.
# Warning: Could not write to "C:/Users/Hubert Jarosz/Documents/GitHub/UniwersytetZielonogorski/UkladyCyfrowe/Lab_08/lab_08/lab_08/bde.set" file.
# Warning: Could not write to "C:/Users/Hubert Jarosz/Documents/GitHub/UniwersytetZielonogorski/UkladyCyfrowe/Lab_08/lab_08/lab_08/bde.set" file.
# Warning: Could not write to "C:/Users/Hubert Jarosz/Documents/GitHub/UniwersytetZielonogorski/UkladyCyfrowe/Lab_08/lab_08/lab_08/bde.set" file.
# Warning: Could not write to "C:/Users/Hubert Jarosz/Documents/GitHub/UniwersytetZielonogorski/UkladyCyfrowe/Lab_08/lab_08/lab_08/bde.set" file.
# Warning: Could not write to "C:/Users/Hubert Jarosz/Documents/GitHub/UniwersytetZielonogorski/UkladyCyfrowe/Lab_08/lab_08/lab_08/bde.set" file.
# Warning: Could not write to "C:/Users/Hubert Jarosz/Documents/GitHub/UniwersytetZielonogorski/UkladyCyfrowe/Lab_08/lab_08/lab_08/bde.set" file.
# Warning: Could not write to "C:/Users/Hubert Jarosz/Documents/GitHub/UniwersytetZielonogorski/UkladyCyfrowe/Lab_08/lab_08/lab_08/bde.set" file.
# Warning: Could not write to "C:/Users/Hubert Jarosz/Documents/GitHub/UniwersytetZielonogorski/UkladyCyfrowe/Lab_08/lab_08/lab_08/bde.set" file.
# Warning: Could not write to "C:/Users/Hubert Jarosz/Documents/GitHub/UniwersytetZielonogorski/UkladyCyfrowe/Lab_08/lab_08/lab_08/bde.set" file.
# Warning: Could not write to "C:/Users/Hubert Jarosz/Documents/GitHub/UniwersytetZielonogorski/UkladyCyfrowe/Lab_08/lab_08/lab_08/bde.set" file.
# Warning: Could not write to "C:/Users/Hubert Jarosz/Documents/GitHub/UniwersytetZielonogorski/UkladyCyfrowe/Lab_08/lab_08/lab_08/bde.set" file.
alog -O2 -sve -msg 5 -sv2k17 -work lab_08 $dsn/src/zad_4/zad_4.v
# Unit top modules: zad_4.
# Compile success 0 Errors 0 Warnings  Analysis time: 0[s].
# done
# ELBREAD: Elaboration process.
# ELBREAD: Elaboration time 0.0 [s].
# ELBREAD: Elaboration process.
# ELBREAD: Elaboration time 0.0 [s].
asim -O2 +access +r +m+zad_4 zad_4
# ELBREAD: Elaboration process.
# ELBREAD: Elaboration time 0.0 [s].
# VSIM: Stack memory: 32MB
# VSIM: Retval memory: 32MB
# 
# KERNEL: Main thread initiated.
# KERNEL: Kernel process initialization phase.
# ELAB2: Elaboration final pass...
# ELAB2: Create instances ...
# KERNEL: Time resolution set to 1ps.
# ELAB2: Create instances complete.
# ELAB2: Elaboration final pass complete - time: 0.0 [s].
# KERNEL: Warning: You are using the Active-HDL Student Edition. The performance of simulation is running at a reduced rate.
# KERNEL: Warning: Contact Aldec for available upgrade options - sales@aldec.com.
# KERNEL: Kernel process initialization done.
# Allocation: Simulator allocated 5368 kB (elbread=427 elab2=4807 kernel=134 sdf=0)
# KERNEL: ASDB file was created in location C:\Users\Hubert Jarosz\Documents\GitHub\UniwersytetZielonogorski\UkladyCyfrowe\Lab_08\lab_08\lab_08\src\wave.asdb
# Stimuli: Warning: The stimuli set "StimuliSet3" has been made inactive.
#  09:55, pi¹tek, 29 listopada 2024
#  Simulation has been initialized
# VSIM: 4 object(s) traced.
# Waveform file 'untitled.awc' connected to 'C:/Users/Hubert Jarosz/Documents/GitHub/UniwersytetZielonogorski/UkladyCyfrowe/Lab_08/lab_08/lab_08/src/wave.asdb'.
# KERNEL: Error: KERNEL_0205 Cannot find object /zad_3/D.
# VSIM: Error: Cannot force signal "/zad_3/D" with formula "0 0fs, 1 25ns -r 50ns".
# KERNEL: Error: KERNEL_0205 Cannot find object /zad_3/Clk.
# VSIM: Error: Cannot force signal "/zad_3/Clk" with formula "1 0fs, 0 37500ps -r 75ns".
# Stimuli: Info: The stimuli set "StimuliSet3" has been made active.
# KERNEL: Error: KERNEL_0205 Cannot find object /zad_3/Clk.
# VSIM: Error: Cannot force signal "/zad_3/Clk" with formula "1 0fs, 0 5ns -r 10ns".
# KERNEL: Error: KERNEL_0205 Cannot find object /zad_3/Clk.
# VSIM: Error: Cannot force signal "/zad_3/Clk" with formula "1 0fs, 0 37500ps -r 75ns".
restart
# ELBREAD: Elaboration process.
# ELBREAD: Elaboration time 0.0 [s].
# 
# KERNEL: Main thread initiated.
# KERNEL: Kernel process initialization phase.
# ELAB2: Elaboration final pass...
# ELAB2: Create instances ...
# KERNEL: Time resolution set to 1ps.
# ELAB2: Create instances complete.
# ELAB2: Elaboration final pass complete - time: 0.0 [s].
# KERNEL: Warning: You are using the Active-HDL Student Edition. The performance of simulation is running at a reduced rate.
# KERNEL: Warning: Contact Aldec for available upgrade options - sales@aldec.com.
# KERNEL: Kernel process initialization done.
# Allocation: Simulator allocated 5368 kB (elbread=427 elab2=4807 kernel=134 sdf=0)
# KERNEL: ASDB file was created in location C:\Users\Hubert Jarosz\Documents\GitHub\UniwersytetZielonogorski\UkladyCyfrowe\Lab_08\lab_08\lab_08\src\wave.asdb
# Stimuli: Warning: The stimuli set "StimuliSet3" has been made inactive.
#  10:04, pi¹tek, 29 listopada 2024
#  Simulation has been initialized
# Waveform file 'untitled.awc' connected to 'C:/Users/Hubert Jarosz/Documents/GitHub/UniwersytetZielonogorski/UkladyCyfrowe/Lab_08/lab_08/lab_08/src/wave.asdb'.
# KERNEL: Error: KERNEL_0205 Cannot find object /zad_3/D.
# VSIM: Error: Cannot force signal "/zad_3/D" with formula "0 0fs, 1 25ns -r 50ns".
# KERNEL: Error: KERNEL_0205 Cannot find object /zad_3/Clk.
# VSIM: Error: Cannot force signal "/zad_3/Clk" with formula "1 0fs, 0 37500ps -r 75ns".
# Stimuli: Info: The stimuli set "StimuliSet3" has been made active.
restart
# ELBREAD: Elaboration process.
# ELBREAD: Elaboration time 0.0 [s].
# 
# KERNEL: Main thread initiated.
# KERNEL: Kernel process initialization phase.
# ELAB2: Elaboration final pass...
# ELAB2: Create instances ...
# KERNEL: Time resolution set to 1ps.
# ELAB2: Create instances complete.
# ELAB2: Elaboration final pass complete - time: 0.0 [s].
# KERNEL: Warning: You are using the Active-HDL Student Edition. The performance of simulation is running at a reduced rate.
# KERNEL: Warning: Contact Aldec for available upgrade options - sales@aldec.com.
# KERNEL: Kernel process initialization done.
# Allocation: Simulator allocated 5368 kB (elbread=427 elab2=4807 kernel=134 sdf=0)
# KERNEL: ASDB file was created in location C:\Users\Hubert Jarosz\Documents\GitHub\UniwersytetZielonogorski\UkladyCyfrowe\Lab_08\lab_08\lab_08\src\wave.asdb
# Stimuli: Warning: The stimuli set "StimuliSet3" has been made inactive.
#  10:08, pi¹tek, 29 listopada 2024
#  Simulation has been initialized
# Waveform file 'untitled.awc' connected to 'C:/Users/Hubert Jarosz/Documents/GitHub/UniwersytetZielonogorski/UkladyCyfrowe/Lab_08/lab_08/lab_08/src/wave.asdb'.
alog -O2 -sve -msg 5 -sv2k17 -work lab_08 $dsn/src/zad_5/zad_5.v
# Unit top modules: zad_5.
# Compile success 0 Errors 0 Warnings  Analysis time: 0[s].
# done
# ELBREAD: Elaboration process.
# ELBREAD: Elaboration time 0.0 [s].
# ELBREAD: Elaboration process.
# ELBREAD: Elaboration time 0.0 [s].
asim -O2 +access +r +m+zad_5 zad_5
# ELBREAD: Elaboration process.
# ELBREAD: Elaboration time 0.0 [s].
# VSIM: Stack memory: 32MB
# VSIM: Retval memory: 32MB
# 
# KERNEL: Main thread initiated.
# KERNEL: Kernel process initialization phase.
# ELAB2: Elaboration final pass...
# ELAB2: Create instances ...
# KERNEL: Time resolution set to 1ps.
# ELAB2: Create instances complete.
# ELAB2: Elaboration final pass complete - time: 0.0 [s].
# KERNEL: Warning: You are using the Active-HDL Student Edition. The performance of simulation is running at a reduced rate.
# KERNEL: Warning: Contact Aldec for available upgrade options - sales@aldec.com.
# KERNEL: Kernel process initialization done.
# Allocation: Simulator allocated 5369 kB (elbread=427 elab2=4807 kernel=134 sdf=0)
# KERNEL: ASDB file was created in location C:\Users\Hubert Jarosz\Documents\GitHub\UniwersytetZielonogorski\UkladyCyfrowe\Lab_08\lab_08\lab_08\src\wave.asdb
# Stimuli: Warning: The stimuli set "StimuliSet4" has been made inactive.
#  10:12, pi¹tek, 29 listopada 2024
#  Simulation has been initialized
# VSIM: 5 object(s) traced.
# Waveform file 'untitled.awc' connected to 'C:/Users/Hubert Jarosz/Documents/GitHub/UniwersytetZielonogorski/UkladyCyfrowe/Lab_08/lab_08/lab_08/src/wave.asdb'.
