# ELBREAD: Elaboration process.
# ELBREAD: Elaboration time 0.0 [s].
# ELBREAD: Elaboration process.
# ELBREAD: Elaboration time 0.0 [s].
asim -O2 +access +r +m+and_test and_test
# ELBREAD: Elaboration process.
# ELBREAD: Elaboration time 0.0 [s].
# VSIM: Stack memory: 32MB
# VSIM: Retval memory: 32MB
# 
# KERNEL: Main thread initiated.
# KERNEL: Kernel process initialization phase.
# ELAB2: Elaboration final pass...
# ELAB2: Create instances ...
# KERNEL: Time resolution set to 1ps.
# ELAB2: Create instances complete.
# ELAB2: Elaboration final pass complete - time: 0.0 [s].
# KERNEL: Warning: You are using the Active-HDL Student Edition. The performance of simulation is running at a reduced rate.
# KERNEL: Warning: Contact Aldec for available upgrade options - sales@aldec.com.
# KERNEL: Kernel process initialization done.
# Allocation: Simulator allocated 5368 kB (elbread=427 elab2=4806 kernel=134 sdf=0)
# KERNEL: ASDB file was created in location C:\Users\Hubert Jarosz\Documents\GitHub\UniwersytetZielonogorski\UkladyCyfrowe\Lab_06\lab_06\lab_06\src\wave.asdb
# Stimuli: Warning: The stimuli set "StimuliSet1" has been made inactive.
#  12:18, œroda, 13 listopada 2024
#  Simulation has been initialized
# VSIM: 3 object(s) traced.
# Waveform file 'untitled.awc' connected to 'C:/Users/Hubert Jarosz/Documents/GitHub/UniwersytetZielonogorski/UkladyCyfrowe/Lab_06/lab_06/lab_06/src/wave.asdb'.
run 100 ns
# KERNEL: stopped at time: 100 ns
