# ELBREAD: Elaboration process.
# ELBREAD: Elaboration time 0.0 [s].
alog -O2 -sve -msg 5 -sv2k17 -work lab_07 $dsn/src/zad_01/wyswietlacz.v
# Unit top modules: wyswietlacz.
# Compile success 0 Errors 0 Warnings  Analysis time: 0[s].
# done
# ELBREAD: Elaboration process.
# ELBREAD: Elaboration time 0.0 [s].
asim -O2 +access +r +m+wyswietlacz wyswietlacz
# ELBREAD: Elaboration process.
# ELBREAD: Elaboration time 0.0 [s].
# VSIM: Stack memory: 32MB
# VSIM: Retval memory: 32MB
# 
# KERNEL: Main thread initiated.
# KERNEL: Kernel process initialization phase.
# ELAB2: Elaboration final pass...
# ELAB2: Create instances ...
# KERNEL: Time resolution set to 1ps.
# ELAB2: Create instances complete.
# ELAB2: Elaboration final pass complete - time: 0.0 [s].
# KERNEL: Warning: You are using the Active-HDL Student Edition. The performance of simulation is running at a reduced rate.
# KERNEL: Warning: Contact Aldec for available upgrade options - sales@aldec.com.
# KERNEL: Kernel process initialization done.
# Allocation: Simulator allocated 6397 kB (elbread=427 elab2=5835 kernel=134 sdf=0)
# KERNEL: ASDB file was created in location C:\Users\Hubert Jarosz\Documents\GitHub\UniwersytetZielonogorski\UkladyCyfrowe\Lab_07\lab_07\lab_07\src\wave.asdb
#  12:02, poniedzia쿮k, 18 listopada 2024
#  Simulation has been initialized
# VSIM: 8 object(s) traced.
# Waveform file 'untitled.awc' connected to 'C:/Users/Hubert Jarosz/Documents/GitHub/UniwersytetZielonogorski/UkladyCyfrowe/Lab_07/lab_07/lab_07/src/wave.asdb'.
run 50 ns
# KERNEL: stopped at time: 50 ns
alog -O2 -sve -msg 5 -sv2k17 -work lab_07 $dsn/src/zad_01/wyswietlacz.v
# Unit top modules: wyswietlacz.
# Compile success 0 Errors 0 Warnings  Analysis time: 0[s].
# done
# ELBREAD: Elaboration process.
# ELBREAD: Elaboration time 0.0 [s].
asim -O2 +access +r +m+wyswietlacz wyswietlacz
# ELBREAD: Elaboration process.
# ELBREAD: Elaboration time 0.0 [s].
# VSIM: Stack memory: 32MB
# VSIM: Retval memory: 32MB
# 
# KERNEL: Main thread initiated.
# KERNEL: Kernel process initialization phase.
# ELAB2: Elaboration final pass...
# ELAB2: Create instances ...
# KERNEL: Time resolution set to 1ps.
# ELAB2: Create instances complete.
# ELAB2: Elaboration final pass complete - time: 0.0 [s].
# KERNEL: Warning: You are using the Active-HDL Student Edition. The performance of simulation is running at a reduced rate.
# KERNEL: Warning: Contact Aldec for available upgrade options - sales@aldec.com.
# KERNEL: Kernel process initialization done.
# Allocation: Simulator allocated 5377 kB (elbread=427 elab2=4815 kernel=134 sdf=0)
# KERNEL: ASDB file was created in location C:\Users\Hubert Jarosz\Documents\GitHub\UniwersytetZielonogorski\UkladyCyfrowe\Lab_07\lab_07\lab_07\src\wave.asdb
# Stimuli: Warning: The stimuli set "StimuliSet1" has been made inactive.
#  12:08, poniedzia쿮k, 18 listopada 2024
#  Simulation has been initialized
# VSIM: 8 object(s) traced.
# Waveform file 'untitled.awc' connected to 'C:/Users/Hubert Jarosz/Documents/GitHub/UniwersytetZielonogorski/UkladyCyfrowe/Lab_07/lab_07/lab_07/src/wave.asdb'.
# Stimuli: Info: The stimuli set "StimuliSet1" has been made active.
run 50 ns
# KERNEL: stopped at time: 50 ns
alog -O2 -sve -msg 5 -sv2k17 -work lab_07 $dsn/src/zad_01/wyswietlacz.v
# Unit top modules: wyswietlacz.
# Compile success 0 Errors 0 Warnings  Analysis time: 0[s].
# done
# ELBREAD: Elaboration process.
# ELBREAD: Elaboration time 0.0 [s].
asim -O2 +access +r +m+wyswietlacz wyswietlacz
# ELBREAD: Elaboration process.
# ELBREAD: Elaboration time 0.0 [s].
# VSIM: Stack memory: 32MB
# VSIM: Retval memory: 32MB
# 
# KERNEL: Main thread initiated.
# KERNEL: Kernel process initialization phase.
# ELAB2: Elaboration final pass...
# ELAB2: Create instances ...
# KERNEL: Time resolution set to 1ps.
# ELAB2: Create instances complete.
# ELAB2: Elaboration final pass complete - time: 0.0 [s].
# KERNEL: Warning: You are using the Active-HDL Student Edition. The performance of simulation is running at a reduced rate.
# KERNEL: Warning: Contact Aldec for available upgrade options - sales@aldec.com.
# KERNEL: Kernel process initialization done.
# Allocation: Simulator allocated 5373 kB (elbread=427 elab2=4811 kernel=134 sdf=0)
# KERNEL: ASDB file was created in location C:\Users\Hubert Jarosz\Documents\GitHub\UniwersytetZielonogorski\UkladyCyfrowe\Lab_07\lab_07\lab_07\src\wave.asdb
# Stimuli: Warning: The stimuli set "StimuliSet1" has been made inactive.
#  12:10, poniedzia쿮k, 18 listopada 2024
#  Simulation has been initialized
# VSIM: 8 object(s) traced.
# Waveform file 'untitled.awc' connected to 'C:/Users/Hubert Jarosz/Documents/GitHub/UniwersytetZielonogorski/UkladyCyfrowe/Lab_07/lab_07/lab_07/src/wave.asdb'.
# Stimuli: Info: The stimuli set "StimuliSet1" has been made active.
run 50 ns
# KERNEL: stopped at time: 50 ns
alog -O2 -sve -msg 5 -sv2k17 -work lab_07 $dsn/src/zad_01/wyswietlacz.v
# Unit top modules: wyswietlacz.
# Compile success 0 Errors 0 Warnings  Analysis time: 0[s].
# done
# ELBREAD: Elaboration process.
# ELBREAD: Elaboration time 0.0 [s].
asim -O2 +access +r +m+wyswietlacz wyswietlacz
# ELBREAD: Elaboration process.
# ELBREAD: Elaboration time 0.0 [s].
# VSIM: Stack memory: 32MB
# VSIM: Retval memory: 32MB
# 
# KERNEL: Main thread initiated.
# KERNEL: Kernel process initialization phase.
# ELAB2: Elaboration final pass...
# ELAB2: Create instances ...
# KERNEL: Time resolution set to 1ps.
# ELAB2: Create instances complete.
# ELAB2: Elaboration final pass complete - time: 0.0 [s].
# KERNEL: Warning: You are using the Active-HDL Student Edition. The performance of simulation is running at a reduced rate.
# KERNEL: Warning: Contact Aldec for available upgrade options - sales@aldec.com.
# KERNEL: Kernel process initialization done.
# Allocation: Simulator allocated 5377 kB (elbread=427 elab2=4816 kernel=134 sdf=0)
# KERNEL: ASDB file was created in location C:\Users\Hubert Jarosz\Documents\GitHub\UniwersytetZielonogorski\UkladyCyfrowe\Lab_07\lab_07\lab_07\src\wave.asdb
# Stimuli: Warning: The stimuli set "StimuliSet1" has been made inactive.
#  12:12, poniedzia쿮k, 18 listopada 2024
#  Simulation has been initialized
# VSIM: 8 object(s) traced.
# Waveform file 'untitled.awc' connected to 'C:/Users/Hubert Jarosz/Documents/GitHub/UniwersytetZielonogorski/UkladyCyfrowe/Lab_07/lab_07/lab_07/src/wave.asdb'.
# Stimuli: Info: The stimuli set "StimuliSet1" has been made active.
run 50 ns
# KERNEL: stopped at time: 50 ns
alog -O2 -sve -msg 5 -sv2k17 -work lab_07 $dsn/src/zad_01/wyswietlacz.v
# Unit top modules: wyswietlacz.
# Compile success 0 Errors 0 Warnings  Analysis time: 1[s].
# done
# ELBREAD: Elaboration process.
# ELBREAD: Elaboration time 0.0 [s].
asim -O2 +access +r +m+wyswietlacz wyswietlacz
# ELBREAD: Elaboration process.
# ELBREAD: Elaboration time 0.0 [s].
# VSIM: Stack memory: 32MB
# VSIM: Retval memory: 32MB
# 
# KERNEL: Main thread initiated.
# KERNEL: Kernel process initialization phase.
# ELAB2: Elaboration final pass...
# ELAB2: Create instances ...
# KERNEL: Time resolution set to 1ps.
# ELAB2: Create instances complete.
# ELAB2: Elaboration final pass complete - time: 0.0 [s].
# KERNEL: Warning: You are using the Active-HDL Student Edition. The performance of simulation is running at a reduced rate.
# KERNEL: Warning: Contact Aldec for available upgrade options - sales@aldec.com.
# KERNEL: Kernel process initialization done.
# Allocation: Simulator allocated 5377 kB (elbread=427 elab2=4816 kernel=134 sdf=0)
# KERNEL: ASDB file was created in location C:\Users\Hubert Jarosz\Documents\GitHub\UniwersytetZielonogorski\UkladyCyfrowe\Lab_07\lab_07\lab_07\src\wave.asdb
# Stimuli: Warning: The stimuli set "StimuliSet1" has been made inactive.
#  12:13, poniedzia쿮k, 18 listopada 2024
#  Simulation has been initialized
# VSIM: 8 object(s) traced.
# Waveform file 'untitled.awc' connected to 'C:/Users/Hubert Jarosz/Documents/GitHub/UniwersytetZielonogorski/UkladyCyfrowe/Lab_07/lab_07/lab_07/src/wave.asdb'.
# Stimuli: Info: The stimuli set "StimuliSet1" has been made active.
run 50 ns
# KERNEL: stopped at time: 50 ns
alog -O2 -sve -msg 5 -sv2k17 -work lab_07 $dsn/src/zad_01/wyswietlacz.v
# Unit top modules: wyswietlacz.
# Compile success 0 Errors 0 Warnings  Analysis time: 1[s].
# done
alog -O2 -sve -msg 5 -sv2k17 -work lab_07 $dsn/src/zad_01/wyswietlacz.v
# Unit top modules: wyswietlacz.
# Compile success 0 Errors 0 Warnings  Analysis time: 0[s].
# done
# ELBREAD: Elaboration process.
# ELBREAD: Elaboration time 0.0 [s].
# ELBREAD: Elaboration process.
# ELBREAD: Elaboration time 0.0 [s].
asim -O2 +access +r +m+wyswietlacz wyswietlacz
# ELBREAD: Elaboration process.
# ELBREAD: Elaboration time 0.0 [s].
# VSIM: Stack memory: 32MB
# VSIM: Retval memory: 32MB
# 
# KERNEL: Main thread initiated.
# KERNEL: Kernel process initialization phase.
# ELAB2: Elaboration final pass...
# ELAB2: Create instances ...
# KERNEL: Time resolution set to 1ps.
# ELAB2: Create instances complete.
# ELAB2: Elaboration final pass complete - time: 0.0 [s].
# KERNEL: Warning: You are using the Active-HDL Student Edition. The performance of simulation is running at a reduced rate.
# KERNEL: Warning: Contact Aldec for available upgrade options - sales@aldec.com.
# KERNEL: Kernel process initialization done.
# Allocation: Simulator allocated 5377 kB (elbread=427 elab2=4816 kernel=134 sdf=0)
# KERNEL: ASDB file was created in location C:\Users\Hubert Jarosz\Documents\GitHub\UniwersytetZielonogorski\UkladyCyfrowe\Lab_07\lab_07\lab_07\src\wave.asdb
# Stimuli: Warning: The stimuli set "StimuliSet1" has been made inactive.
#  12:15, poniedzia쿮k, 18 listopada 2024
#  Simulation has been initialized
# VSIM: 8 object(s) traced.
# Waveform file 'untitled.awc' connected to 'C:/Users/Hubert Jarosz/Documents/GitHub/UniwersytetZielonogorski/UkladyCyfrowe/Lab_07/lab_07/lab_07/src/wave.asdb'.
# Stimuli: Info: The stimuli set "StimuliSet1" has been made active.
run 50 ns
# KERNEL: stopped at time: 50 ns
alog -O2 -sve -msg 5 -sv2k17 -work lab_07 $dsn/src/zad_01/wyswietlacz.v
# Unit top modules: wyswietlacz.
# Compile success 0 Errors 0 Warnings  Analysis time: 0[s].
# done
# ELBREAD: Elaboration process.
# ELBREAD: Elaboration time 0.0 [s].
asim -O2 +access +r +m+wyswietlacz wyswietlacz
# ELBREAD: Elaboration process.
# ELBREAD: Elaboration time 0.0 [s].
# VSIM: Stack memory: 32MB
# VSIM: Retval memory: 32MB
# 
# KERNEL: Main thread initiated.
# KERNEL: Kernel process initialization phase.
# ELAB2: Elaboration final pass...
# ELAB2: Create instances ...
# KERNEL: Time resolution set to 1ps.
# ELAB2: Create instances complete.
# ELAB2: Elaboration final pass complete - time: 0.0 [s].
# KERNEL: Warning: You are using the Active-HDL Student Edition. The performance of simulation is running at a reduced rate.
# KERNEL: Warning: Contact Aldec for available upgrade options - sales@aldec.com.
# KERNEL: Kernel process initialization done.
# Allocation: Simulator allocated 5377 kB (elbread=427 elab2=4816 kernel=134 sdf=0)
# KERNEL: ASDB file was created in location C:\Users\Hubert Jarosz\Documents\GitHub\UniwersytetZielonogorski\UkladyCyfrowe\Lab_07\lab_07\lab_07\src\wave.asdb
# Stimuli: Warning: The stimuli set "StimuliSet1" has been made inactive.
#  12:16, poniedzia쿮k, 18 listopada 2024
#  Simulation has been initialized
# VSIM: 8 object(s) traced.
# Waveform file 'untitled.awc' connected to 'C:/Users/Hubert Jarosz/Documents/GitHub/UniwersytetZielonogorski/UkladyCyfrowe/Lab_07/lab_07/lab_07/src/wave.asdb'.
# Stimuli: Info: The stimuli set "StimuliSet1" has been made active.
run 50 ns
# KERNEL: stopped at time: 50 ns
alog -O2 -sve -msg 5 -sv2k17 -work lab_07 $dsn/src/zad_01/wyswietlacz.v
# Unit top modules: wyswietlacz.
# Compile success 0 Errors 0 Warnings  Analysis time: 0[s].
# done
# ELBREAD: Elaboration process.
# ELBREAD: Elaboration time 0.0 [s].
asim -O2 +access +r +m+wyswietlacz wyswietlacz
# ELBREAD: Elaboration process.
# ELBREAD: Elaboration time 0.0 [s].
# VSIM: Stack memory: 32MB
# VSIM: Retval memory: 32MB
# 
# KERNEL: Main thread initiated.
# KERNEL: Kernel process initialization phase.
# ELAB2: Elaboration final pass...
# ELAB2: Create instances ...
# KERNEL: Time resolution set to 1ps.
# ELAB2: Create instances complete.
# ELAB2: Elaboration final pass complete - time: 0.0 [s].
# KERNEL: Warning: You are using the Active-HDL Student Edition. The performance of simulation is running at a reduced rate.
# KERNEL: Warning: Contact Aldec for available upgrade options - sales@aldec.com.
# KERNEL: Kernel process initialization done.
# Allocation: Simulator allocated 5377 kB (elbread=427 elab2=4816 kernel=134 sdf=0)
# KERNEL: ASDB file was created in location C:\Users\Hubert Jarosz\Documents\GitHub\UniwersytetZielonogorski\UkladyCyfrowe\Lab_07\lab_07\lab_07\src\wave.asdb
# Stimuli: Warning: The stimuli set "StimuliSet1" has been made inactive.
#  12:17, poniedzia쿮k, 18 listopada 2024
#  Simulation has been initialized
# VSIM: 8 object(s) traced.
# Waveform file 'untitled.awc' connected to 'C:/Users/Hubert Jarosz/Documents/GitHub/UniwersytetZielonogorski/UkladyCyfrowe/Lab_07/lab_07/lab_07/src/wave.asdb'.
# Stimuli: Info: The stimuli set "StimuliSet1" has been made active.
run 50 ns
# KERNEL: stopped at time: 50 ns
alog -O2 -sve -msg 5 -sv2k17 -work lab_07 $dsn/src/zad_01/wyswietlacz.v
# Unit top modules: wyswietlacz.
# Compile success 0 Errors 0 Warnings  Analysis time: 0[s].
# done
alog -O2 -sve -msg 5 -sv2k17 -work lab_07 $dsn/src/zad_01/wyswietlacz.v
# Unit top modules: wyswietlacz.
# Compile success 0 Errors 0 Warnings  Analysis time: 0[s].
# done
# ELBREAD: Elaboration process.
# ELBREAD: Elaboration time 0.0 [s].
asim -O2 +access +r +m+wyswietlacz wyswietlacz
# ELBREAD: Elaboration process.
# ELBREAD: Elaboration time 0.0 [s].
# VSIM: Stack memory: 32MB
# VSIM: Retval memory: 32MB
# 
# KERNEL: Main thread initiated.
# KERNEL: Kernel process initialization phase.
# ELAB2: Elaboration final pass...
# ELAB2: Create instances ...
# KERNEL: Time resolution set to 1ps.
# ELAB2: Create instances complete.
# ELAB2: Elaboration final pass complete - time: 0.0 [s].
# KERNEL: Warning: You are using the Active-HDL Student Edition. The performance of simulation is running at a reduced rate.
# KERNEL: Warning: Contact Aldec for available upgrade options - sales@aldec.com.
# KERNEL: Kernel process initialization done.
# Allocation: Simulator allocated 5377 kB (elbread=427 elab2=4816 kernel=134 sdf=0)
# KERNEL: ASDB file was created in location C:\Users\Hubert Jarosz\Documents\GitHub\UniwersytetZielonogorski\UkladyCyfrowe\Lab_07\lab_07\lab_07\src\wave.asdb
# Stimuli: Warning: The stimuli set "StimuliSet1" has been made inactive.
#  12:19, poniedzia쿮k, 18 listopada 2024
#  Simulation has been initialized
# VSIM: 8 object(s) traced.
# Waveform file 'untitled.awc' connected to 'C:/Users/Hubert Jarosz/Documents/GitHub/UniwersytetZielonogorski/UkladyCyfrowe/Lab_07/lab_07/lab_07/src/wave.asdb'.
# Stimuli: Info: The stimuli set "StimuliSet1" has been made active.
run 50 ns
# KERNEL: stopped at time: 50 ns
restart
# ELBREAD: Elaboration process.
# ELBREAD: Elaboration time 0.0 [s].
# 
# KERNEL: Main thread initiated.
# KERNEL: Kernel process initialization phase.
# ELAB2: Elaboration final pass...
# ELAB2: Create instances ...
# KERNEL: Time resolution set to 1ps.
# ELAB2: Create instances complete.
# ELAB2: Elaboration final pass complete - time: 0.0 [s].
# KERNEL: Warning: You are using the Active-HDL Student Edition. The performance of simulation is running at a reduced rate.
# KERNEL: Warning: Contact Aldec for available upgrade options - sales@aldec.com.
# KERNEL: Kernel process initialization done.
# Allocation: Simulator allocated 5377 kB (elbread=427 elab2=4816 kernel=134 sdf=0)
# KERNEL: ASDB file was created in location C:\Users\Hubert Jarosz\Documents\GitHub\UniwersytetZielonogorski\UkladyCyfrowe\Lab_07\lab_07\lab_07\src\wave.asdb
# Stimuli: Warning: The stimuli set "StimuliSet1" has been made inactive.
#  12:20, poniedzia쿮k, 18 listopada 2024
#  Simulation has been initialized
# Waveform file 'untitled.awc' connected to 'C:/Users/Hubert Jarosz/Documents/GitHub/UniwersytetZielonogorski/UkladyCyfrowe/Lab_07/lab_07/lab_07/src/wave.asdb'.
# Stimuli: Info: The stimuli set "StimuliSet1" has been made active.
run 80 ns
# KERNEL: stopped at time: 80 ns
