Active-HDL 15.0.261.9132 2025-01-11 18:21:22

Elaboration top modules:
Architecture                  zad_7(zad_7)


-------------------------------------------------------------------------------------------
Entity   | Architecture | Library | Info | Compiler Version          | Compilation Options
-------------------------------------------------------------------------------------------
zad_7    | zad_7        | lab_08  |      | 15.0.261.9132 (Windows64) | -O3
-------------------------------------------------------------------------------------------

-------------------------------------------------------------------------------------------
Verilog Module          | Library | Info | Compiler Version          | Compilation Options
-------------------------------------------------------------------------------------------
zad_5                   | lab_08  |      | 15.0.261.9132 (Windows64) | -O2 -sv2k17
-------------------------------------------------------------------------------------------

-------------------------------------------------------------------------------------------
VHDL Package            | Library | Info | Compiler Version          | Compilation Options
-------------------------------------------------------------------------------------------
standard                | std     |      |                           | <unavailable>
TEXTIO                  | std     |      | 15.0.261.9132 (Windows64) |  -2019
std_logic_1164          | ieee    |      | 15.0.261.9132 (Windows64) |  -2008
std_logic_arith         | ieee    |      | 15.0.261.9132 (Windows64) | <unavailable>
STD_LOGIC_SIGNED        | ieee    |      | 15.0.261.9132 (Windows64) | <unavailable>
STD_LOGIC_UNSIGNED      | ieee    |      | 15.0.261.9132 (Windows64) | <unavailable>
-------------------------------------------------------------------------------------------

-------------------------------------------------------------------------------------------
Library                 | Comment
-------------------------------------------------------------------------------------------
ieee                    | Standard IEEE packages library
lab_08                  | None
std                     | Standard VHDL library
-------------------------------------------------------------------------------------------
