Active-HDL 15.0.261.9132 2025-01-20 10:24:09

Elaboration top modules:
Architecture                  Zad_04(Zad_04)


---------------------------------------------------------------------------------------------
Entity   | Architecture | Library   | Info | Compiler Version          | Compilation Options
---------------------------------------------------------------------------------------------
Zad_04   | Zad_04       | lab_10_11 |      | 15.0.261.9132 (Windows64) | -O3
---------------------------------------------------------------------------------------------

---------------------------------------------------------------------------------------------
Verilog Module          | Library   | Info | Compiler Version          | Compilation Options
---------------------------------------------------------------------------------------------
PrzerzutnikD            | lab_10_11 |      | 15.0.261.9132 (Windows64) | -O2 -sv2k17
---------------------------------------------------------------------------------------------

---------------------------------------------------------------------------------------------
VHDL Package            | Library   | Info | Compiler Version          | Compilation Options
---------------------------------------------------------------------------------------------
standard                | std       |      |                           | <unavailable>
TEXTIO                  | std       |      | 15.0.261.9132 (Windows64) |  -2019
std_logic_1164          | ieee      |      | 15.0.261.9132 (Windows64) |  -2008
std_logic_arith         | ieee      |      | 15.0.261.9132 (Windows64) | <unavailable>
STD_LOGIC_SIGNED        | ieee      |      | 15.0.261.9132 (Windows64) | <unavailable>
STD_LOGIC_UNSIGNED      | ieee      |      | 15.0.261.9132 (Windows64) | <unavailable>
---------------------------------------------------------------------------------------------

---------------------------------------------------------------------------------------------
Library                 | Comment
---------------------------------------------------------------------------------------------
ieee                    | Standard IEEE packages library
lab_10_11               | None
std                     | Standard VHDL library
---------------------------------------------------------------------------------------------
